[2024-09-05 22:33:40,240: INFO: main: Welcome to our custom log]
[2024-09-11 20:46:27,473:INFO:common:yaml file: config/config.yaml loaded successfully]
[2024-09-11 20:46:27,477:INFO:common:yaml file: params.yaml loaded successfully]
[2024-09-11 20:46:27,479:INFO:common:created directory at: artifacts]
[2024-09-11 20:46:27,481:INFO:common:created directory at: artifacts/data_ingestion]
[2024-09-11 20:46:27,482:INFO:986331348:Downloading data from https://drive.google.com/file/d/1vlhZ5c7abUKF8xXERIw6m9Te8fW7ohw3/view?usp=sharing into file artifacts/data_ingestion/data.zip]
[2024-09-11 20:46:38,971:INFO:986331348:Downloaded data from https://drive.google.com/file/d/1vlhZ5c7abUKF8xXERIw6m9Te8fW7ohw3/view?usp=sharing into file artifacts/data_ingestion/data.zip]
[2024-09-11 20:52:52,708:INFO:common:yaml file: config/config.yaml loaded successfully]
[2024-09-11 20:52:52,710:INFO:common:yaml file: params.yaml loaded successfully]
[2024-09-11 20:52:52,711:INFO:common:created directory at: artifacts]
[2024-09-11 20:52:52,711:INFO:common:created directory at: artifacts/data_ingestion]
[2024-09-11 20:52:52,713:INFO:986331348:Downloading data from https://drive.google.com/file/d/1vlhZ5c7abUKF8xXERIw6m9Te8fW7ohw3/view?usp=sharing into file artifacts/data_ingestion/data.zip]
[2024-09-11 20:53:02,401:INFO:986331348:Downloaded data from https://drive.google.com/file/d/1vlhZ5c7abUKF8xXERIw6m9Te8fW7ohw3/view?usp=sharing into file artifacts/data_ingestion/data.zip]
[2024-09-11 20:57:45,496:INFO:common:yaml file: config/config.yaml loaded successfully]
[2024-09-11 20:57:45,500:INFO:common:yaml file: params.yaml loaded successfully]
[2024-09-11 20:57:45,501:INFO:common:created directory at: artifacts]
[2024-09-11 21:25:28,337:INFO:common:yaml file: config/config.yaml loaded successfully]
[2024-09-11 21:25:28,345:INFO:common:yaml file: params.yaml loaded successfully]
[2024-09-11 21:25:28,346:INFO:common:created directory at: artifacts]
[2024-09-11 21:25:28,348:INFO:common:created directory at: artifacts/data_ingestion]
[2024-09-11 21:25:28,349:INFO:986331348:Downloading data from https://drive.google.com/file/d/1vlhZ5c7abUKF8xXERIw6m9Te8fW7ohw3/view?usp=sharing into file artifacts/data_ingestion/data.zip]
[2024-09-11 21:25:38,239:INFO:986331348:Downloaded data from https://drive.google.com/file/d/1vlhZ5c7abUKF8xXERIw6m9Te8fW7ohw3/view?usp=sharing into file artifacts/data_ingestion/data.zip]
[2024-09-11 21:36:12,516:INFO:common:yaml file: config/config.yaml loaded successfully]
[2024-09-11 21:36:12,523:INFO:common:yaml file: params.yaml loaded successfully]
[2024-09-11 21:36:12,524:INFO:common:created directory at: artifacts]
[2024-09-11 21:36:12,525:INFO:common:created directory at: artifacts/prepare_base_model]
[2024-09-11 21:36:12,918:WARNING:saving_utils:Compiled the loaded model, but the compiled metrics have yet to be built. `model.compile_metrics` will be empty until you train or evaluate the model.]
[2024-09-11 21:36:12,983:WARNING:optimizer:At this time, the v2.11+ optimizer `tf.keras.optimizers.SGD` runs slowly on M1/M2 Macs, please use the legacy Keras optimizer instead, located at `tf.keras.optimizers.legacy.SGD`.]
[2024-09-11 21:36:12,984:WARNING:__init__:There is a known slowdown when using v2.11+ Keras optimizers on M1/M2 Macs. Falling back to the legacy Keras optimizer, i.e., `tf.keras.optimizers.legacy.SGD`.]
[2024-09-11 21:36:33,652:INFO:common:yaml file: config/config.yaml loaded successfully]
[2024-09-11 21:36:33,653:INFO:common:yaml file: params.yaml loaded successfully]
[2024-09-11 21:36:33,654:INFO:common:created directory at: artifacts]
[2024-09-11 21:36:33,654:INFO:common:created directory at: artifacts/data_ingestion]
[2024-09-11 21:36:33,654:INFO:986331348:Downloading data from https://drive.google.com/file/d/1vlhZ5c7abUKF8xXERIw6m9Te8fW7ohw3/view?usp=sharing into file artifacts/data_ingestion/data.zip]
[2024-09-11 21:36:47,098:INFO:986331348:Downloaded data from https://drive.google.com/file/d/1vlhZ5c7abUKF8xXERIw6m9Te8fW7ohw3/view?usp=sharing into file artifacts/data_ingestion/data.zip]
[2024-09-11 21:42:32,690: INFO: main: Welcome to our custom log]
[2024-09-11 21:42:32,690: INFO: main: >>>>>> stage Data Ingestion stage started <<<<<<]
[2024-09-11 21:42:32,692: INFO: common: yaml file: config/config.yaml loaded successfully]
[2024-09-11 21:42:32,693: INFO: common: yaml file: params.yaml loaded successfully]
[2024-09-11 21:42:32,693: INFO: common: created directory at: artifacts]
[2024-09-11 21:42:32,693: ERROR: main: 'ConfigurationManager' object has no attribute 'get_data_ingestion_config']
Traceback (most recent call last):
  File "/Users/mohammedyunusshaikh/Github Projects/Kidney-Disease-Classification-Deep-Learning-Project/main.py", line 10, in <module>
    obj.main()
  File "/Users/mohammedyunusshaikh/.pyenv/versions/3.11.5/lib/python3.11/site-packages/cnnClassifier/pipeline/stage_01_data_ingestion.py", line 14, in main
    data_ingestion_config = config.get_data_ingestion_config()
                            ^^^^^^^^^^^^^^^^^^^^^^^^^^^^^^^^
AttributeError: 'ConfigurationManager' object has no attribute 'get_data_ingestion_config'
[2024-09-11 21:45:16,622: INFO: main: Welcome to our custom log]
[2024-09-11 21:45:16,622: INFO: main: >>>>>> stage Data Ingestion stage started <<<<<<]
[2024-09-11 21:45:16,623: INFO: common: yaml file: config/config.yaml loaded successfully]
[2024-09-11 21:45:16,624: INFO: common: yaml file: params.yaml loaded successfully]
[2024-09-11 21:45:16,624: INFO: common: created directory at: artifacts]
[2024-09-11 21:45:16,624: INFO: common: created directory at: artifacts/data_ingestion]
[2024-09-11 21:45:16,624: INFO: data_ingestion: Downloading data from https://drive.google.com/file/d/1vlhZ5c7abUKF8xXERIw6m9Te8fW7ohw3/view?usp=sharing into file artifacts/data_ingestion/data.zip]
[2024-09-11 21:45:26,591: INFO: data_ingestion: Downloaded data from https://drive.google.com/file/d/1vlhZ5c7abUKF8xXERIw6m9Te8fW7ohw3/view?usp=sharing into file artifacts/data_ingestion/data.zip]
[2024-09-11 21:45:26,863: INFO: main: >>>>>> stage Data Ingestion stage completed <<<<<<

x==========x]
